<?xml version="1.0" encoding="UTF-8"?>
<testng-results ignored="0" total="1" passed="1" failed="0" skipped="0">
  <reporter-output>
  </reporter-output>
  <suite started-at="2023-06-18T13:28:22 CEST" name="Default suite" finished-at="2023-06-18T13:28:33 CEST" duration-ms="10982">
    <groups>
    </groups>
    <test started-at="2023-06-18T13:28:22 CEST" name="Default test" finished-at="2023-06-18T13:28:33 CEST" duration-ms="10982">
      <class name="SephoraMSP.search_product">
        <test-method is-config="true" signature="openurl()[pri:0, instance:SephoraMSP.search_product@7ae0a9ec]" started-at="2023-06-18T13:28:22 CEST" name="openurl" finished-at="2023-06-18T13:28:26 CEST" duration-ms="4646" status="PASS">
          <reporter-output>
          </reporter-output>
        </test-method> <!-- openurl -->
        <test-method signature="Search()[pri:0, instance:SephoraMSP.search_product@7ae0a9ec]" started-at="2023-06-18T13:28:26 CEST" name="Search" finished-at="2023-06-18T13:28:33 CEST" duration-ms="6273" status="PASS">
          <reporter-output>
          </reporter-output>
        </test-method> <!-- Search -->
        <test-method is-config="true" signature="TearDown()[pri:0, instance:SephoraMSP.search_product@7ae0a9ec]" started-at="2023-06-18T13:28:33 CEST" name="TearDown" finished-at="2023-06-18T13:28:33 CEST" duration-ms="8" status="PASS">
          <reporter-output>
          </reporter-output>
        </test-method> <!-- TearDown -->
      </class> <!-- SephoraMSP.search_product -->
    </test> <!-- Default test -->
  </suite> <!-- Default suite -->
</testng-results>
